<?xml version="1.0" encoding="UTF-8"?>
<testsuite name="com.vesper.flipper.ai.MockAIConversationTest" tests="9" skipped="0" failures="0" errors="0" timestamp="2026-03-06T21:31:23.713Z" hostname="abraxass-MacBook-Air.local" time="0.004">
  <properties/>
  <testcase name="conversation flow - create badusb script" classname="com.vesper.flipper.ai.MockAIConversationTest" time="0.001"/>
  <testcase name="conversation flow - delete with confirmation" classname="com.vesper.flipper.ai.MockAIConversationTest" time="0.0"/>
  <testcase name="conversation flow - view and edit subghz file" classname="com.vesper.flipper.ai.MockAIConversationTest" time="0.001"/>
  <testcase name="conversation flow - blocked protected path" classname="com.vesper.flipper.ai.MockAIConversationTest" time="0.0"/>
  <testcase name="conversation flow - create new IR remote" classname="com.vesper.flipper.ai.MockAIConversationTest" time="0.0"/>
  <testcase name="conversation flow - handle file not found" classname="com.vesper.flipper.ai.MockAIConversationTest" time="0.0"/>
  <testcase name="conversation flow - organize files with backup" classname="com.vesper.flipper.ai.MockAIConversationTest" time="0.0"/>
  <testcase name="conversation flow - NFC card operations" classname="com.vesper.flipper.ai.MockAIConversationTest" time="0.0"/>
  <testcase name="conversation flow - check device status" classname="com.vesper.flipper.ai.MockAIConversationTest" time="0.001"/>
  <system-out><![CDATA[]]></system-out>
  <system-err><![CDATA[]]></system-err>
</testsuite>
