<?xml version="1.0" encoding="UTF-8"?>
<testsuite name="com.vesper.flipper.domain.CommandExecutorTest" tests="5" skipped="0" failures="0" errors="0" timestamp="2026-03-06T21:31:24.677Z" hostname="abraxass-MacBook-Air.local" time="0.153">
  <properties/>
  <testcase name="approve missing approval returns timeout error and logs timeout" classname="com.vesper.flipper.domain.CommandExecutorTest" time="0.126"/>
  <testcase name="search faphub executes directly and returns matches" classname="com.vesper.flipper.domain.CommandExecutorTest" time="0.015"/>
  <testcase name="approve execution failure logs command failed" classname="com.vesper.flipper.domain.CommandExecutorTest" time="0.006"/>
  <testcase name="medium risk requiring confirmation returns pending approval and does not execute immediately" classname="com.vesper.flipper.domain.CommandExecutorTest" time="0.003"/>
  <testcase name="medium risk without confirmation executes directly and logs medium risk" classname="com.vesper.flipper.domain.CommandExecutorTest" time="0.003"/>
  <system-out><![CDATA[]]></system-out>
  <system-err><![CDATA[]]></system-err>
</testsuite>
