<?xml version="1.0" encoding="UTF-8"?>
<testsuite name="com.vesper.flipper.ble.FlipperFileSystemTest" tests="5" skipped="0" failures="0" errors="0" timestamp="2026-03-06T21:31:23.849Z" hostname="abraxass-MacBook-Air.local" time="0.796">
  <properties/>
  <testcase name="copy falls back to read-write when cli copy fails" classname="com.vesper.flipper.ble.FlipperFileSystemTest" time="0.756"/>
  <testcase name="executeCli uses rpc app bridge for actionable commands on rpc-only transport without cli recovery" classname="com.vesper.flipper.ble.FlipperFileSystemTest" time="0.023"/>
  <testcase name="copy prefers cli copy when supported" classname="com.vesper.flipper.ble.FlipperFileSystemTest" time="0.006"/>
  <testcase name="executeCli fails with recovery details when cli remains unavailable" classname="com.vesper.flipper.ble.FlipperFileSystemTest" time="0.006"/>
  <testcase name="executeCli attempts rpc to cli recovery before failing" classname="com.vesper.flipper.ble.FlipperFileSystemTest" time="0.004"/>
  <system-out><![CDATA[]]></system-out>
  <system-err><![CDATA[]]></system-err>
</testsuite>
