<?xml version="1.0" encoding="UTF-8"?>
<testsuite name="com.vesper.flipper.ai.OpenRouterClientTest" tests="8" skipped="0" failures="0" errors="0" timestamp="2026-03-06T21:31:23.717Z" hostname="abraxass-MacBook-Air.local" time="0.011">
  <properties/>
  <testcase name="parse push artifact command" classname="com.vesper.flipper.ai.OpenRouterClientTest" time="0.005"/>
  <testcase name="parse read file command" classname="com.vesper.flipper.ai.OpenRouterClientTest" time="0.0"/>
  <testcase name="parse delete command with recursive flag" classname="com.vesper.flipper.ai.OpenRouterClientTest" time="0.001"/>
  <testcase name="parse get device info command" classname="com.vesper.flipper.ai.OpenRouterClientTest" time="0.0"/>
  <testcase name="parse write file command with content" classname="com.vesper.flipper.ai.OpenRouterClientTest" time="0.0"/>
  <testcase name="parse list directory command" classname="com.vesper.flipper.ai.OpenRouterClientTest" time="0.0"/>
  <testcase name="serialize command result with file entries" classname="com.vesper.flipper.ai.OpenRouterClientTest" time="0.004"/>
  <testcase name="parse move command" classname="com.vesper.flipper.ai.OpenRouterClientTest" time="0.0"/>
  <system-out><![CDATA[]]></system-out>
  <system-err><![CDATA[]]></system-err>
</testsuite>
