<?xml version="1.0" encoding="UTF-8"?>
<testsuite name="com.vesper.flipper.domain.DiffServiceTest" tests="10" skipped="0" failures="0" errors="0" timestamp="2026-03-06T21:31:24.832Z" hostname="abraxass-MacBook-Air.local" time="0.023">
  <properties/>
  <testcase name="compute diff for BadUSB script modification" classname="com.vesper.flipper.domain.DiffServiceTest" time="0.014"/>
  <testcase name="diff handles binary-like content gracefully" classname="com.vesper.flipper.domain.DiffServiceTest" time="0.001"/>
  <testcase name="compute diff for adding IR button" classname="com.vesper.flipper.domain.DiffServiceTest" time="0.001"/>
  <testcase name="compute diff for new file creation" classname="com.vesper.flipper.domain.DiffServiceTest" time="0.001"/>
  <testcase name="diff handles complete file replacement" classname="com.vesper.flipper.domain.DiffServiceTest" time="0.0"/>
  <testcase name="generate side by side diff" classname="com.vesper.flipper.domain.DiffServiceTest" time="0.001"/>
  <testcase name="compute diff for frequency change in SubGHz file" classname="com.vesper.flipper.domain.DiffServiceTest" time="0.0"/>
  <testcase name="diff preserves line numbers" classname="com.vesper.flipper.domain.DiffServiceTest" time="0.0"/>
  <testcase name="empty diff when files are identical" classname="com.vesper.flipper.domain.DiffServiceTest" time="0.0"/>
  <testcase name="diff handles large file changes" classname="com.vesper.flipper.domain.DiffServiceTest" time="0.004"/>
  <system-out><![CDATA[]]></system-out>
  <system-err><![CDATA[]]></system-err>
</testsuite>
