<?xml version="1.0" encoding="UTF-8"?>
<testsuite name="com.vesper.flipper.ai.FlipperUserRequestsTest" tests="27" skipped="0" failures="0" errors="0" timestamp="2026-03-06T21:31:23.683Z" hostname="abraxass-MacBook-Air.local" time="0.027">
  <properties/>
  <testcase name="user request - read NFC card details" classname="com.vesper.flipper.ai.FlipperUserRequestsTest" time="0.017"/>
  <testcase name="user request - list my subghz captures" classname="com.vesper.flipper.ai.FlipperUserRequestsTest" time="0.0"/>
  <testcase name="user request - create TV remote with common buttons" classname="com.vesper.flipper.ai.FlipperUserRequestsTest" time="0.0"/>
  <testcase name="user request - create wifi password stealer educational" classname="com.vesper.flipper.ai.FlipperUserRequestsTest" time="0.0"/>
  <testcase name="user request - list NFC saves" classname="com.vesper.flipper.ai.FlipperUserRequestsTest" time="0.0"/>
  <testcase name="user request - list installed apps" classname="com.vesper.flipper.ai.FlipperUserRequestsTest" time="0.0"/>
  <testcase name="user request - delete old test files" classname="com.vesper.flipper.ai.FlipperUserRequestsTest" time="0.0"/>
  <testcase name="parse file read result" classname="com.vesper.flipper.ai.FlipperUserRequestsTest" time="0.003"/>
  <testcase name="user request - check battery and storage" classname="com.vesper.flipper.ai.FlipperUserRequestsTest" time="0.0"/>
  <testcase name="parse write result with bytes written" classname="com.vesper.flipper.ai.FlipperUserRequestsTest" time="0.0"/>
  <testcase name="parse successful list directory result" classname="com.vesper.flipper.ai.FlipperUserRequestsTest" time="0.003"/>
  <testcase name="parse approval required result" classname="com.vesper.flipper.ai.FlipperUserRequestsTest" time="0.0"/>
  <testcase name="user request - change subghz frequency" classname="com.vesper.flipper.ai.FlipperUserRequestsTest" time="0.0"/>
  <testcase name="parse failed command result" classname="com.vesper.flipper.ai.FlipperUserRequestsTest" time="0.0"/>
  <testcase name="user request - add button to existing remote" classname="com.vesper.flipper.ai.FlipperUserRequestsTest" time="0.0"/>
  <testcase name="user request - organize files into folders" classname="com.vesper.flipper.ai.FlipperUserRequestsTest" time="0.001"/>
  <testcase name="user request - rename file" classname="com.vesper.flipper.ai.FlipperUserRequestsTest" time="0.0"/>
  <testcase name="user request - read garage door frequency" classname="com.vesper.flipper.ai.FlipperUserRequestsTest" time="0.0"/>
  <testcase name="user request - list music files" classname="com.vesper.flipper.ai.FlipperUserRequestsTest" time="0.0"/>
  <testcase name="user request - delete app" classname="com.vesper.flipper.ai.FlipperUserRequestsTest" time="0.0"/>
  <testcase name="user request - create new subghz remote" classname="com.vesper.flipper.ai.FlipperUserRequestsTest" time="0.001"/>
  <testcase name="user request - create system info gatherer" classname="com.vesper.flipper.ai.FlipperUserRequestsTest" time="0.0"/>
  <testcase name="user request - check storage space" classname="com.vesper.flipper.ai.FlipperUserRequestsTest" time="0.0"/>
  <testcase name="user request - create rickroll badusb script" classname="com.vesper.flipper.ai.FlipperUserRequestsTest" time="0.0"/>
  <testcase name="user request - list iButton keys" classname="com.vesper.flipper.ai.FlipperUserRequestsTest" time="0.0"/>
  <testcase name="user request - backup file before editing" classname="com.vesper.flipper.ai.FlipperUserRequestsTest" time="0.0"/>
  <testcase name="user request - list IR remotes" classname="com.vesper.flipper.ai.FlipperUserRequestsTest" time="0.0"/>
  <system-out><![CDATA[]]></system-out>
  <system-err><![CDATA[]]></system-err>
</testsuite>
