<?xml version="1.0" encoding="UTF-8"?>
<testsuite name="com.vesper.flipper.domain.RiskAssessorTest" tests="24" skipped="0" failures="0" errors="0" timestamp="2026-03-06T21:31:24.857Z" hostname="abraxass-MacBook-Air.local" time="0.018">
  <properties/>
  <testcase name="execute cli command touching protected path is BLOCKED" classname="com.vesper.flipper.domain.RiskAssessorTest" time="0.004"/>
  <testcase name="rename is HIGH risk" classname="com.vesper.flipper.domain.RiskAssessorTest" time="0.001"/>
  <testcase name="move is HIGH risk" classname="com.vesper.flipper.domain.RiskAssessorTest" time="0.0"/>
  <testcase name="write outside permitted scope is HIGH risk" classname="com.vesper.flipper.domain.RiskAssessorTest" time="0.001"/>
  <testcase name="delete is HIGH risk" classname="com.vesper.flipper.domain.RiskAssessorTest" time="0.0"/>
  <testcase name="unlocked protected path allows access" classname="com.vesper.flipper.domain.RiskAssessorTest" time="0.0"/>
  <testcase name="write to firmware path is BLOCKED" classname="com.vesper.flipper.domain.RiskAssessorTest" time="0.001"/>
  <testcase name="create directory in permitted scope is LOW risk" classname="com.vesper.flipper.domain.RiskAssessorTest" time="0.0"/>
  <testcase name="get device info is LOW risk" classname="com.vesper.flipper.domain.RiskAssessorTest" time="0.0"/>
  <testcase name="execute cli active command is HIGH risk" classname="com.vesper.flipper.domain.RiskAssessorTest" time="0.0"/>
  <testcase name="read file is LOW risk" classname="com.vesper.flipper.domain.RiskAssessorTest" time="0.001"/>
  <testcase name="write file in permitted scope is MEDIUM risk with diff" classname="com.vesper.flipper.domain.RiskAssessorTest" time="0.0"/>
  <testcase name="write to internal storage is BLOCKED" classname="com.vesper.flipper.domain.RiskAssessorTest" time="0.001"/>
  <testcase name="search faphub is LOW risk" classname="com.vesper.flipper.domain.RiskAssessorTest" time="0.0"/>
  <testcase name="path traversal attempt is handled" classname="com.vesper.flipper.domain.RiskAssessorTest" time="0.0"/>
  <testcase name="access to sensitive file extension is BLOCKED" classname="com.vesper.flipper.domain.RiskAssessorTest" time="0.002"/>
  <testcase name="install faphub app is HIGH risk" classname="com.vesper.flipper.domain.RiskAssessorTest" time="0.0"/>
  <testcase name="execute cli read-only command is LOW risk" classname="com.vesper.flipper.domain.RiskAssessorTest" time="0.0"/>
  <testcase name="copy in permitted scope is MEDIUM risk" classname="com.vesper.flipper.domain.RiskAssessorTest" time="0.001"/>
  <testcase name="push executable artifact is HIGH risk" classname="com.vesper.flipper.domain.RiskAssessorTest" time="0.001"/>
  <testcase name="empty path defaults to safe handling" classname="com.vesper.flipper.domain.RiskAssessorTest" time="0.0"/>
  <testcase name="get storage info is LOW risk" classname="com.vesper.flipper.domain.RiskAssessorTest" time="0.0"/>
  <testcase name="list directory is LOW risk" classname="com.vesper.flipper.domain.RiskAssessorTest" time="0.0"/>
  <testcase name="recursive delete is HIGH risk" classname="com.vesper.flipper.domain.RiskAssessorTest" time="0.001"/>
  <system-out><![CDATA[]]></system-out>
  <system-err><![CDATA[]]></system-err>
</testsuite>
