<?xml version="1.0" encoding="UTF-8"?>
<testsuite name="com.vesper.flipper.ble.FlipperProtocolCommandMappingTest" tests="2" skipped="0" failures="0" errors="0" timestamp="2026-03-06T21:31:24.649Z" hostname="abraxass-MacBook-Air.local" time="0.022">
  <properties/>
  <testcase name="ble scan space alias resolves rpc mapping" classname="com.vesper.flipper.ble.FlipperProtocolCommandMappingTest" time="0.021"/>
  <testcase name="ble spam space alias resolves rpc mapping and preferred route" classname="com.vesper.flipper.ble.FlipperProtocolCommandMappingTest" time="0.001"/>
  <system-out><![CDATA[]]></system-out>
  <system-err><![CDATA[]]></system-err>
</testsuite>
